e:\project\비즈스토리\careconupdate\release\careconupdate.pch
e:\project\비즈스토리\careconupdate\release\vc143.pdb
e:\project\비즈스토리\careconupdate\release\pch.obj
e:\project\비즈스토리\careconupdate\release\careconupdatedlg.obj
e:\project\비즈스토리\careconupdate\release\careconupdate.obj
e:\project\비즈스토리\careconupdate\release\careconupdate.ipdb
e:\project\비즈스토리\careconupdate\release\careconupdate.iobj
e:\project\비즈스토리\careconupdate\release\careconupdate.exe
e:\project\비즈스토리\careconupdate\release\careconupdate.pdb
e:\project\비즈스토리\careconupdate\release\careconupdate.res
e:\project\비즈스토리\careconupdate\release\careconupdate.tlog\cl.command.1.tlog
e:\project\비즈스토리\careconupdate\release\careconupdate.tlog\cl.items.tlog
e:\project\비즈스토리\careconupdate\release\careconupdate.tlog\cl.read.1.tlog
e:\project\비즈스토리\careconupdate\release\careconupdate.tlog\cl.write.1.tlog
e:\project\비즈스토리\careconupdate\release\careconupdate.tlog\link.command.1.tlog
e:\project\비즈스토리\careconupdate\release\careconupdate.tlog\link.read.1.tlog
e:\project\비즈스토리\careconupdate\release\careconupdate.tlog\link.write.1.tlog
e:\project\비즈스토리\careconupdate\release\careconupdate.tlog\link.write.2u.tlog
e:\project\비즈스토리\careconupdate\release\careconupdate.tlog\rc.command.1.tlog
e:\project\비즈스토리\careconupdate\release\careconupdate.tlog\rc.read.1.tlog
e:\project\비즈스토리\careconupdate\release\careconupdate.tlog\rc.write.1.tlog
